\BOOKMARK [0][-]{chapter.1}{\376\377\0001\000\040\000L\000I\000C\000E\000N\000S\000E}{}% 1
\BOOKMARK [0][-]{chapter.2}{\376\377\0002\000\040\000a\000h\000b\000s\000d\000.\000l\000i\000b}{}% 2
\BOOKMARK [1][-]{section.2.1}{\376\377\0002\000.\0001\000\040\000A\000b\000o\000u\000t\000\040\000g\000e\000n\000e\000r\000i\000c\000\040\000E\000v\000e\000n\000t\000A\000r\000g\000s}{chapter.2}% 3
\BOOKMARK [1][-]{section.2.2}{\376\377\0002\000.\0002\000\040\000A\000b\000o\000u\000t\000\040\000g\000e\000n\000e\000r\000i\000c\000\040\000C\000h\000a\000n\000g\000e\000E\000v\000e\000n\000t\000A\000r\000g\000s}{chapter.2}% 4
\BOOKMARK [0][-]{chapter.3}{\376\377\0003\000\040\000N\000a\000m\000e\000s\000p\000a\000c\000e\000\040\000I\000n\000d\000e\000x}{}% 5
\BOOKMARK [1][-]{section.3.1}{\376\377\0003\000.\0001\000\040\000P\000a\000c\000k\000a\000g\000e\000s}{chapter.3}% 6
\BOOKMARK [0][-]{chapter.4}{\376\377\0004\000\040\000H\000i\000e\000r\000a\000r\000c\000h\000i\000c\000a\000l\000\040\000I\000n\000d\000e\000x}{}% 7
\BOOKMARK [1][-]{section.4.1}{\376\377\0004\000.\0001\000\040\000C\000l\000a\000s\000s\000\040\000H\000i\000e\000r\000a\000r\000c\000h\000y}{chapter.4}% 8
\BOOKMARK [0][-]{chapter.5}{\376\377\0005\000\040\000C\000l\000a\000s\000s\000\040\000I\000n\000d\000e\000x}{}% 9
\BOOKMARK [1][-]{section.5.1}{\376\377\0005\000.\0001\000\040\000C\000l\000a\000s\000s\000\040\000L\000i\000s\000t}{chapter.5}% 10
\BOOKMARK [0][-]{chapter.6}{\376\377\0006\000\040\000N\000a\000m\000e\000s\000p\000a\000c\000e\000\040\000D\000o\000c\000u\000m\000e\000n\000t\000a\000t\000i\000o\000n}{}% 11
\BOOKMARK [1][-]{section.6.1}{\376\377\0006\000.\0001\000\040\000a\000h\000b\000s\000d\000\040\000N\000a\000m\000e\000s\000p\000a\000c\000e\000\040\000R\000e\000f\000e\000r\000e\000n\000c\000e}{chapter.6}% 12
\BOOKMARK [1][-]{section.6.2}{\376\377\0006\000.\0002\000\040\000a\000h\000b\000s\000d\000.\000l\000i\000b\000\040\000N\000a\000m\000e\000s\000p\000a\000c\000e\000\040\000R\000e\000f\000e\000r\000e\000n\000c\000e}{chapter.6}% 13
\BOOKMARK [2][-]{subsection.6.2.1}{\376\377\0006\000.\0002\000.\0001\000\040\000F\000u\000n\000c\000t\000i\000o\000n\000\040\000D\000o\000c\000u\000m\000e\000n\000t\000a\000t\000i\000o\000n}{section.6.2}% 14
\BOOKMARK [3][-]{subsubsection.6.2.1.1}{\376\377\0006\000.\0002\000.\0001\000.\0001\000\040\000C\000h\000a\000n\000g\000e\000E\000v\000e\000n\000t\000H\000a\000n\000d\000l\000e\000r\000<\000\040\000T\000\040\000>\000\050\000\051}{subsection.6.2.1}% 15
\BOOKMARK [1][-]{section.6.3}{\376\377\0006\000.\0003\000\040\000a\000h\000b\000s\000d\000.\000l\000i\000b\000.\000A\000p\000i\000K\000e\000y\000\040\000N\000a\000m\000e\000s\000p\000a\000c\000e\000\040\000R\000e\000f\000e\000r\000e\000n\000c\000e}{chapter.6}% 16
\BOOKMARK [2][-]{subsection.6.3.1}{\376\377\0006\000.\0003\000.\0001\000\040\000F\000u\000n\000c\000t\000i\000o\000n\000\040\000D\000o\000c\000u\000m\000e\000n\000t\000a\000t\000i\000o\000n}{section.6.3}% 17
\BOOKMARK [3][-]{subsubsection.6.3.1.1}{\376\377\0006\000.\0003\000.\0001\000.\0001\000\040\000A\000p\000i\000K\000e\000y\000E\000v\000e\000n\000t\000H\000a\000n\000d\000l\000e\000r\000<\000\040\000T\000\040\000>\000\050\000\051}{subsection.6.3.1}% 18
\BOOKMARK [1][-]{section.6.4}{\376\377\0006\000.\0004\000\040\000a\000h\000b\000s\000d\000.\000l\000i\000b\000.\000E\000x\000c\000e\000p\000t\000i\000o\000n\000s\000\040\000N\000a\000m\000e\000s\000p\000a\000c\000e\000\040\000R\000e\000f\000e\000r\000e\000n\000c\000e}{chapter.6}% 19
\BOOKMARK [1][-]{section.6.5}{\376\377\0006\000.\0005\000\040\000a\000h\000b\000s\000d\000.\000l\000i\000b\000.\000T\000o\000o\000l\000s\000\040\000N\000a\000m\000e\000s\000p\000a\000c\000e\000\040\000R\000e\000f\000e\000r\000e\000n\000c\000e}{chapter.6}% 20
\BOOKMARK [1][-]{section.6.6}{\376\377\0006\000.\0006\000\040\000T\000e\000s\000t\000\040\000N\000a\000m\000e\000s\000p\000a\000c\000e\000\040\000R\000e\000f\000e\000r\000e\000n\000c\000e}{chapter.6}% 21
\BOOKMARK [0][-]{chapter.7}{\376\377\0007\000\040\000C\000l\000a\000s\000s\000\040\000D\000o\000c\000u\000m\000e\000n\000t\000a\000t\000i\000o\000n}{}% 22
\BOOKMARK [1][-]{section.7.1}{\376\377\0007\000.\0001\000\040\000a\000h\000b\000s\000d\000.\000l\000i\000b\000.\000A\000p\000i\000K\000e\000y\000.\000A\000p\000i\000K\000e\000y\000E\000v\000e\000n\000t\000A\000r\000g\000s\000<\000\040\000T\000\040\000>\000\040\000C\000l\000a\000s\000s\000\040\000T\000e\000m\000p\000l\000a\000t\000e\000\040\000R\000e\000f\000e\000r\000e\000n\000c\000e}{chapter.7}% 23
\BOOKMARK [2][-]{subsection.7.1.1}{\376\377\0007\000.\0001\000.\0001\000\040\000D\000e\000t\000a\000i\000l\000e\000d\000\040\000D\000e\000s\000c\000r\000i\000p\000t\000i\000o\000n}{section.7.1}% 24
\BOOKMARK [2][-]{subsection.7.1.2}{\376\377\0007\000.\0001\000.\0002\000\040\000C\000o\000n\000s\000t\000r\000u\000c\000t\000o\000r\000\040\000\046\000\040\000D\000e\000s\000t\000r\000u\000c\000t\000o\000r\000\040\000D\000o\000c\000u\000m\000e\000n\000t\000a\000t\000i\000o\000n}{section.7.1}% 25
\BOOKMARK [3][-]{subsubsection.7.1.2.1}{\376\377\0007\000.\0001\000.\0002\000.\0001\000\040\000A\000p\000i\000K\000e\000y\000E\000v\000e\000n\000t\000A\000r\000g\000s\000\050\000\051\000\040\000[\0001\000/\0002\000]}{subsection.7.1.2}% 26
\BOOKMARK [3][-]{subsubsection.7.1.2.2}{\376\377\0007\000.\0001\000.\0002\000.\0002\000\040\000A\000p\000i\000K\000e\000y\000E\000v\000e\000n\000t\000A\000r\000g\000s\000\050\000\051\000\040\000[\0002\000/\0002\000]}{subsection.7.1.2}% 27
\BOOKMARK [2][-]{subsection.7.1.3}{\376\377\0007\000.\0001\000.\0003\000\040\000P\000r\000o\000p\000e\000r\000t\000y\000\040\000D\000o\000c\000u\000m\000e\000n\000t\000a\000t\000i\000o\000n}{section.7.1}% 28
\BOOKMARK [3][-]{subsubsection.7.1.3.1}{\376\377\0007\000.\0001\000.\0003\000.\0001\000\040\000I\000n\000d\000e\000x}{subsection.7.1.3}% 29
\BOOKMARK [1][-]{section.7.2}{\376\377\0007\000.\0002\000\040\000a\000h\000b\000s\000d\000.\000l\000i\000b\000.\000A\000p\000i\000K\000e\000y\000.\000A\000p\000i\000K\000e\000y\000H\000o\000l\000d\000e\000r\000<\000\040\000T\000\040\000>\000\040\000C\000l\000a\000s\000s\000\040\000T\000e\000m\000p\000l\000a\000t\000e\000\040\000R\000e\000f\000e\000r\000e\000n\000c\000e}{chapter.7}% 30
\BOOKMARK [2][-]{subsection.7.2.1}{\376\377\0007\000.\0002\000.\0001\000\040\000D\000e\000t\000a\000i\000l\000e\000d\000\040\000D\000e\000s\000c\000r\000i\000p\000t\000i\000o\000n}{section.7.2}% 31
\BOOKMARK [2][-]{subsection.7.2.2}{\376\377\0007\000.\0002\000.\0002\000\040\000C\000o\000n\000s\000t\000r\000u\000c\000t\000o\000r\000\040\000\046\000\040\000D\000e\000s\000t\000r\000u\000c\000t\000o\000r\000\040\000D\000o\000c\000u\000m\000e\000n\000t\000a\000t\000i\000o\000n}{section.7.2}% 32
\BOOKMARK [3][-]{subsubsection.7.2.2.1}{\376\377\0007\000.\0002\000.\0002\000.\0001\000\040\000A\000p\000i\000K\000e\000y\000H\000o\000l\000d\000e\000r\000\050\000\051\000\040\000[\0001\000/\0002\000]}{subsection.7.2.2}% 33
\BOOKMARK [3][-]{subsubsection.7.2.2.2}{\376\377\0007\000.\0002\000.\0002\000.\0002\000\040\000A\000p\000i\000K\000e\000y\000H\000o\000l\000d\000e\000r\000\050\000\051\000\040\000[\0002\000/\0002\000]}{subsection.7.2.2}% 34
\BOOKMARK [2][-]{subsection.7.2.3}{\376\377\0007\000.\0002\000.\0003\000\040\000M\000e\000m\000b\000e\000r\000\040\000F\000u\000n\000c\000t\000i\000o\000n\000\040\000D\000o\000c\000u\000m\000e\000n\000t\000a\000t\000i\000o\000n}{section.7.2}% 35
\BOOKMARK [3][-]{subsubsection.7.2.3.1}{\376\377\0007\000.\0002\000.\0003\000.\0001\000\040\000E\000q\000u\000a\000l\000s\000\050\000\051\000\040\000[\0001\000/\0002\000]}{subsection.7.2.3}% 36
\BOOKMARK [3][-]{subsubsection.7.2.3.2}{\376\377\0007\000.\0002\000.\0003\000.\0002\000\040\000E\000q\000u\000a\000l\000s\000\050\000\051\000\040\000[\0002\000/\0002\000]}{subsection.7.2.3}% 37
\BOOKMARK [3][-]{subsubsection.7.2.3.3}{\376\377\0007\000.\0002\000.\0003\000.\0003\000\040\000F\000i\000n\000d\000A\000p\000i\000K\000e\000y\000\050\000\051}{subsection.7.2.3}% 38
\BOOKMARK [3][-]{subsubsection.7.2.3.4}{\376\377\0007\000.\0002\000.\0003\000.\0004\000\040\000G\000e\000t\000A\000p\000i\000K\000e\000y\000\050\000\051}{subsection.7.2.3}% 39
\BOOKMARK [3][-]{subsubsection.7.2.3.5}{\376\377\0007\000.\0002\000.\0003\000.\0005\000\040\000G\000e\000t\000H\000a\000s\000h\000C\000o\000d\000e\000\050\000\051}{subsection.7.2.3}% 40
\BOOKMARK [3][-]{subsubsection.7.2.3.6}{\376\377\0007\000.\0002\000.\0003\000.\0006\000\040\000o\000p\000e\000r\000a\000t\000o\000r\000!\000=\000\050\000\051}{subsection.7.2.3}% 41
\BOOKMARK [3][-]{subsubsection.7.2.3.7}{\376\377\0007\000.\0002\000.\0003\000.\0007\000\040\000o\000p\000e\000r\000a\000t\000o\000r\000=\000=\000\050\000\051}{subsection.7.2.3}% 42
\BOOKMARK [2][-]{subsection.7.2.4}{\376\377\0007\000.\0002\000.\0004\000\040\000M\000e\000m\000b\000e\000r\000\040\000D\000a\000t\000a\000\040\000D\000o\000c\000u\000m\000e\000n\000t\000a\000t\000i\000o\000n}{section.7.2}% 43
\BOOKMARK [3][-]{subsubsection.7.2.4.1}{\376\377\0007\000.\0002\000.\0004\000.\0001\000\040\000K\000n\000o\000w\000n\000A\000p\000i\000K\000e\000y\000s}{subsection.7.2.4}% 44
\BOOKMARK [2][-]{subsection.7.2.5}{\376\377\0007\000.\0002\000.\0005\000\040\000P\000r\000o\000p\000e\000r\000t\000y\000\040\000D\000o\000c\000u\000m\000e\000n\000t\000a\000t\000i\000o\000n}{section.7.2}% 45
\BOOKMARK [3][-]{subsubsection.7.2.5.1}{\376\377\0007\000.\0002\000.\0005\000.\0001\000\040\000A\000p\000i\000K\000e\000y}{subsection.7.2.5}% 46
\BOOKMARK [2][-]{subsection.7.2.6}{\376\377\0007\000.\0002\000.\0006\000\040\000E\000v\000e\000n\000t\000\040\000D\000o\000c\000u\000m\000e\000n\000t\000a\000t\000i\000o\000n}{section.7.2}% 47
\BOOKMARK [3][-]{subsubsection.7.2.6.1}{\376\377\0007\000.\0002\000.\0006\000.\0001\000\040\000O\000n\000A\000p\000i\000K\000e\000y\000A\000d\000d\000e\000d}{subsection.7.2.6}% 48
\BOOKMARK [1][-]{section.7.3}{\376\377\0007\000.\0003\000\040\000a\000h\000b\000s\000d\000.\000l\000i\000b\000.\000C\000h\000a\000n\000g\000e\000E\000v\000e\000n\000t\000A\000r\000g\000s\000<\000\040\000T\000\040\000>\000\040\000C\000l\000a\000s\000s\000\040\000T\000e\000m\000p\000l\000a\000t\000e\000\040\000R\000e\000f\000e\000r\000e\000n\000c\000e}{chapter.7}% 49
\BOOKMARK [2][-]{subsection.7.3.1}{\376\377\0007\000.\0003\000.\0001\000\040\000D\000e\000t\000a\000i\000l\000e\000d\000\040\000D\000e\000s\000c\000r\000i\000p\000t\000i\000o\000n}{section.7.3}% 50
\BOOKMARK [2][-]{subsection.7.3.2}{\376\377\0007\000.\0003\000.\0002\000\040\000C\000o\000n\000s\000t\000r\000u\000c\000t\000o\000r\000\040\000\046\000\040\000D\000e\000s\000t\000r\000u\000c\000t\000o\000r\000\040\000D\000o\000c\000u\000m\000e\000n\000t\000a\000t\000i\000o\000n}{section.7.3}% 51
\BOOKMARK [3][-]{subsubsection.7.3.2.1}{\376\377\0007\000.\0003\000.\0002\000.\0001\000\040\000C\000h\000a\000n\000g\000e\000E\000v\000e\000n\000t\000A\000r\000g\000s\000\050\000\051\000\040\000[\0001\000/\0003\000]}{subsection.7.3.2}% 52
\BOOKMARK [3][-]{subsubsection.7.3.2.2}{\376\377\0007\000.\0003\000.\0002\000.\0002\000\040\000C\000h\000a\000n\000g\000e\000E\000v\000e\000n\000t\000A\000r\000g\000s\000\050\000\051\000\040\000[\0002\000/\0003\000]}{subsection.7.3.2}% 53
\BOOKMARK [3][-]{subsubsection.7.3.2.3}{\376\377\0007\000.\0003\000.\0002\000.\0003\000\040\000C\000h\000a\000n\000g\000e\000E\000v\000e\000n\000t\000A\000r\000g\000s\000\050\000\051\000\040\000[\0003\000/\0003\000]}{subsection.7.3.2}% 54
\BOOKMARK [2][-]{subsection.7.3.3}{\376\377\0007\000.\0003\000.\0003\000\040\000M\000e\000m\000b\000e\000r\000\040\000F\000u\000n\000c\000t\000i\000o\000n\000\040\000D\000o\000c\000u\000m\000e\000n\000t\000a\000t\000i\000o\000n}{section.7.3}% 55
\BOOKMARK [3][-]{subsubsection.7.3.3.1}{\376\377\0007\000.\0003\000.\0003\000.\0001\000\040\000E\000q\000u\000a\000l\000s\000\050\000\051\000\040\000[\0001\000/\0002\000]}{subsection.7.3.3}% 56
\BOOKMARK [3][-]{subsubsection.7.3.3.2}{\376\377\0007\000.\0003\000.\0003\000.\0002\000\040\000E\000q\000u\000a\000l\000s\000\050\000\051\000\040\000[\0002\000/\0002\000]}{subsection.7.3.3}% 57
\BOOKMARK [3][-]{subsubsection.7.3.3.3}{\376\377\0007\000.\0003\000.\0003\000.\0003\000\040\000G\000e\000t\000H\000a\000s\000h\000C\000o\000d\000e\000\050\000\051}{subsection.7.3.3}% 58
\BOOKMARK [3][-]{subsubsection.7.3.3.4}{\376\377\0007\000.\0003\000.\0003\000.\0004\000\040\000o\000p\000e\000r\000a\000t\000o\000r\000!\000=\000\050\000\051}{subsection.7.3.3}% 59
\BOOKMARK [3][-]{subsubsection.7.3.3.5}{\376\377\0007\000.\0003\000.\0003\000.\0005\000\040\000o\000p\000e\000r\000a\000t\000o\000r\000=\000=\000\050\000\051}{subsection.7.3.3}% 60
\BOOKMARK [3][-]{subsubsection.7.3.3.6}{\376\377\0007\000.\0003\000.\0003\000.\0006\000\040\000S\000e\000t\000N\000e\000w\000V\000a\000l\000u\000e\000\050\000\051}{subsection.7.3.3}% 61
\BOOKMARK [3][-]{subsubsection.7.3.3.7}{\376\377\0007\000.\0003\000.\0003\000.\0007\000\040\000T\000o\000S\000t\000r\000i\000n\000g\000\050\000\051}{subsection.7.3.3}% 62
\BOOKMARK [2][-]{subsection.7.3.4}{\376\377\0007\000.\0003\000.\0004\000\040\000P\000r\000o\000p\000e\000r\000t\000y\000\040\000D\000o\000c\000u\000m\000e\000n\000t\000a\000t\000i\000o\000n}{section.7.3}% 63
\BOOKMARK [3][-]{subsubsection.7.3.4.1}{\376\377\0007\000.\0003\000.\0004\000.\0001\000\040\000N\000e\000w\000V\000a\000l\000u\000e}{subsection.7.3.4}% 64
\BOOKMARK [3][-]{subsubsection.7.3.4.2}{\376\377\0007\000.\0003\000.\0004\000.\0002\000\040\000O\000l\000d\000V\000a\000l\000u\000e}{subsection.7.3.4}% 65
\BOOKMARK [1][-]{section.7.4}{\376\377\0007\000.\0004\000\040\000a\000h\000b\000s\000d\000.\000l\000i\000b\000.\000T\000o\000o\000l\000s\000.\000C\000o\000n\000s\000o\000l\000e\000P\000r\000i\000n\000t\000T\000a\000b\000l\000e\000\040\000C\000l\000a\000s\000s\000\040\000R\000e\000f\000e\000r\000e\000n\000c\000e}{chapter.7}% 66
\BOOKMARK [2][-]{subsection.7.4.1}{\376\377\0007\000.\0004\000.\0001\000\040\000D\000e\000t\000a\000i\000l\000e\000d\000\040\000D\000e\000s\000c\000r\000i\000p\000t\000i\000o\000n}{section.7.4}% 67
\BOOKMARK [2][-]{subsection.7.4.2}{\376\377\0007\000.\0004\000.\0002\000\040\000M\000e\000m\000b\000e\000r\000\040\000F\000u\000n\000c\000t\000i\000o\000n\000\040\000D\000o\000c\000u\000m\000e\000n\000t\000a\000t\000i\000o\000n}{section.7.4}% 68
\BOOKMARK [3][-]{subsubsection.7.4.2.1}{\376\377\0007\000.\0004\000.\0002\000.\0001\000\040\000P\000r\000i\000n\000t\000\050\000\051}{subsection.7.4.2}% 69
\BOOKMARK [1][-]{section.7.5}{\376\377\0007\000.\0005\000\040\000a\000h\000b\000s\000d\000.\000l\000i\000b\000.\000E\000v\000e\000n\000t\000A\000r\000g\000s\000<\000\040\000T\000\040\000>\000\040\000C\000l\000a\000s\000s\000\040\000T\000e\000m\000p\000l\000a\000t\000e\000\040\000R\000e\000f\000e\000r\000e\000n\000c\000e}{chapter.7}% 70
\BOOKMARK [2][-]{subsection.7.5.1}{\376\377\0007\000.\0005\000.\0001\000\040\000D\000e\000t\000a\000i\000l\000e\000d\000\040\000D\000e\000s\000c\000r\000i\000p\000t\000i\000o\000n}{section.7.5}% 71
\BOOKMARK [2][-]{subsection.7.5.2}{\376\377\0007\000.\0005\000.\0002\000\040\000C\000o\000n\000s\000t\000r\000u\000c\000t\000o\000r\000\040\000\046\000\040\000D\000e\000s\000t\000r\000u\000c\000t\000o\000r\000\040\000D\000o\000c\000u\000m\000e\000n\000t\000a\000t\000i\000o\000n}{section.7.5}% 72
\BOOKMARK [3][-]{subsubsection.7.5.2.1}{\376\377\0007\000.\0005\000.\0002\000.\0001\000\040\000E\000v\000e\000n\000t\000A\000r\000g\000s\000\050\000\051\000\040\000[\0001\000/\0002\000]}{subsection.7.5.2}% 73
\BOOKMARK [3][-]{subsubsection.7.5.2.2}{\376\377\0007\000.\0005\000.\0002\000.\0002\000\040\000E\000v\000e\000n\000t\000A\000r\000g\000s\000\050\000\051\000\040\000[\0002\000/\0002\000]}{subsection.7.5.2}% 74
\BOOKMARK [2][-]{subsection.7.5.3}{\376\377\0007\000.\0005\000.\0003\000\040\000P\000r\000o\000p\000e\000r\000t\000y\000\040\000D\000o\000c\000u\000m\000e\000n\000t\000a\000t\000i\000o\000n}{section.7.5}% 75
\BOOKMARK [3][-]{subsubsection.7.5.3.1}{\376\377\0007\000.\0005\000.\0003\000.\0001\000\040\000V\000a\000l\000u\000e}{subsection.7.5.3}% 76
\BOOKMARK [1][-]{section.7.6}{\376\377\0007\000.\0006\000\040\000a\000h\000b\000s\000d\000.\000l\000i\000b\000.\000E\000x\000c\000e\000p\000t\000i\000o\000n\000s\000.\000E\000x\000c\000e\000p\000t\000i\000o\000n\000<\000\040\000T\000\040\000>\000\040\000C\000l\000a\000s\000s\000\040\000T\000e\000m\000p\000l\000a\000t\000e\000\040\000R\000e\000f\000e\000r\000e\000n\000c\000e}{chapter.7}% 77
\BOOKMARK [2][-]{subsection.7.6.1}{\376\377\0007\000.\0006\000.\0001\000\040\000D\000e\000t\000a\000i\000l\000e\000d\000\040\000D\000e\000s\000c\000r\000i\000p\000t\000i\000o\000n}{section.7.6}% 78
\BOOKMARK [2][-]{subsection.7.6.2}{\376\377\0007\000.\0006\000.\0002\000\040\000C\000o\000n\000s\000t\000r\000u\000c\000t\000o\000r\000\040\000\046\000\040\000D\000e\000s\000t\000r\000u\000c\000t\000o\000r\000\040\000D\000o\000c\000u\000m\000e\000n\000t\000a\000t\000i\000o\000n}{section.7.6}% 79
\BOOKMARK [3][-]{subsubsection.7.6.2.1}{\376\377\0007\000.\0006\000.\0002\000.\0001\000\040\000E\000x\000c\000e\000p\000t\000i\000o\000n\000\050\000\051}{subsection.7.6.2}% 80
\BOOKMARK [2][-]{subsection.7.6.3}{\376\377\0007\000.\0006\000.\0003\000\040\000P\000r\000o\000p\000e\000r\000t\000y\000\040\000D\000o\000c\000u\000m\000e\000n\000t\000a\000t\000i\000o\000n}{section.7.6}% 81
\BOOKMARK [3][-]{subsubsection.7.6.3.1}{\376\377\0007\000.\0006\000.\0003\000.\0001\000\040\000V\000a\000l\000u\000e}{subsection.7.6.3}% 82
\BOOKMARK [1][-]{section.7.7}{\376\377\0007\000.\0007\000\040\000a\000h\000b\000s\000d\000.\000l\000i\000b\000.\000A\000p\000i\000K\000e\000y\000.\000I\000A\000p\000i\000K\000e\000y\000E\000v\000e\000n\000t\000A\000r\000g\000s\000\040\000I\000n\000t\000e\000r\000f\000a\000c\000e\000\040\000R\000e\000f\000e\000r\000e\000n\000c\000e}{chapter.7}% 83
\BOOKMARK [2][-]{subsection.7.7.1}{\376\377\0007\000.\0007\000.\0001\000\040\000D\000e\000t\000a\000i\000l\000e\000d\000\040\000D\000e\000s\000c\000r\000i\000p\000t\000i\000o\000n}{section.7.7}% 84
\BOOKMARK [2][-]{subsection.7.7.2}{\376\377\0007\000.\0007\000.\0002\000\040\000P\000r\000o\000p\000e\000r\000t\000y\000\040\000D\000o\000c\000u\000m\000e\000n\000t\000a\000t\000i\000o\000n}{section.7.7}% 85
\BOOKMARK [3][-]{subsubsection.7.7.2.1}{\376\377\0007\000.\0007\000.\0002\000.\0001\000\040\000I\000n\000d\000e\000x}{subsection.7.7.2}% 86
\BOOKMARK [1][-]{section.7.8}{\376\377\0007\000.\0008\000\040\000a\000h\000b\000s\000d\000.\000l\000i\000b\000.\000I\000C\000h\000a\000n\000g\000e\000E\000v\000e\000n\000t\000A\000r\000g\000s\000<\000\040\000T\000\040\000>\000\040\000I\000n\000t\000e\000r\000f\000a\000c\000e\000\040\000T\000e\000m\000p\000l\000a\000t\000e\000\040\000R\000e\000f\000e\000r\000e\000n\000c\000e}{chapter.7}% 87
\BOOKMARK [2][-]{subsection.7.8.1}{\376\377\0007\000.\0008\000.\0001\000\040\000D\000e\000t\000a\000i\000l\000e\000d\000\040\000D\000e\000s\000c\000r\000i\000p\000t\000i\000o\000n}{section.7.8}% 88
\BOOKMARK [2][-]{subsection.7.8.2}{\376\377\0007\000.\0008\000.\0002\000\040\000M\000e\000m\000b\000e\000r\000\040\000F\000u\000n\000c\000t\000i\000o\000n\000\040\000D\000o\000c\000u\000m\000e\000n\000t\000a\000t\000i\000o\000n}{section.7.8}% 89
\BOOKMARK [3][-]{subsubsection.7.8.2.1}{\376\377\0007\000.\0008\000.\0002\000.\0001\000\040\000S\000e\000t\000N\000e\000w\000V\000a\000l\000u\000e\000\050\000\051}{subsection.7.8.2}% 90
\BOOKMARK [3][-]{subsubsection.7.8.2.2}{\376\377\0007\000.\0008\000.\0002\000.\0002\000\040\000T\000o\000S\000t\000r\000i\000n\000g\000\050\000\051}{subsection.7.8.2}% 91
\BOOKMARK [2][-]{subsection.7.8.3}{\376\377\0007\000.\0008\000.\0003\000\040\000P\000r\000o\000p\000e\000r\000t\000y\000\040\000D\000o\000c\000u\000m\000e\000n\000t\000a\000t\000i\000o\000n}{section.7.8}% 92
\BOOKMARK [3][-]{subsubsection.7.8.3.1}{\376\377\0007\000.\0008\000.\0003\000.\0001\000\040\000N\000e\000w\000V\000a\000l\000u\000e}{subsection.7.8.3}% 93
\BOOKMARK [3][-]{subsubsection.7.8.3.2}{\376\377\0007\000.\0008\000.\0003\000.\0002\000\040\000O\000l\000d\000V\000a\000l\000u\000e}{subsection.7.8.3}% 94
\BOOKMARK [1][-]{section.7.9}{\376\377\0007\000.\0009\000\040\000a\000h\000b\000s\000d\000.\000l\000i\000b\000.\000I\000E\000v\000e\000n\000t\000A\000r\000g\000s\000<\000\040\000T\000\040\000>\000\040\000I\000n\000t\000e\000r\000f\000a\000c\000e\000\040\000T\000e\000m\000p\000l\000a\000t\000e\000\040\000R\000e\000f\000e\000r\000e\000n\000c\000e}{chapter.7}% 95
\BOOKMARK [2][-]{subsection.7.9.1}{\376\377\0007\000.\0009\000.\0001\000\040\000D\000e\000t\000a\000i\000l\000e\000d\000\040\000D\000e\000s\000c\000r\000i\000p\000t\000i\000o\000n}{section.7.9}% 96
\BOOKMARK [2][-]{subsection.7.9.2}{\376\377\0007\000.\0009\000.\0002\000\040\000P\000r\000o\000p\000e\000r\000t\000y\000\040\000D\000o\000c\000u\000m\000e\000n\000t\000a\000t\000i\000o\000n}{section.7.9}% 97
\BOOKMARK [3][-]{subsubsection.7.9.2.1}{\376\377\0007\000.\0009\000.\0002\000.\0001\000\040\000V\000a\000l\000u\000e}{subsection.7.9.2}% 98
\BOOKMARK [1][-]{section.7.10}{\376\377\0007\000.\0001\0000\000\040\000a\000h\000b\000s\000d\000.\000l\000i\000b\000.\000E\000x\000c\000e\000p\000t\000i\000o\000n\000s\000.\000I\000G\000e\000n\000e\000r\000i\000c\000E\000x\000c\000e\000p\000t\000i\000o\000n\000<\000\040\000T\000\040\000>\000\040\000I\000n\000t\000e\000r\000f\000a\000c\000e\000\040\000T\000e\000m\000p\000l\000a\000t\000e\000\040\000R\000e\000f\000e\000r\000e\000n\000c\000e}{chapter.7}% 99
\BOOKMARK [2][-]{subsection.7.10.1}{\376\377\0007\000.\0001\0000\000.\0001\000\040\000D\000e\000t\000a\000i\000l\000e\000d\000\040\000D\000e\000s\000c\000r\000i\000p\000t\000i\000o\000n}{section.7.10}% 100
\BOOKMARK [2][-]{subsection.7.10.2}{\376\377\0007\000.\0001\0000\000.\0002\000\040\000P\000r\000o\000p\000e\000r\000t\000y\000\040\000D\000o\000c\000u\000m\000e\000n\000t\000a\000t\000i\000o\000n}{section.7.10}% 101
\BOOKMARK [3][-]{subsubsection.7.10.2.1}{\376\377\0007\000.\0001\0000\000.\0002\000.\0001\000\040\000V\000a\000l\000u\000e}{subsection.7.10.2}% 102
\BOOKMARK [1][-]{section.7.11}{\376\377\0007\000.\0001\0001\000\040\000T\000e\000s\000t\000.\000I\000T\000e\000s\000t\000C\000l\000a\000s\000s\000<\000\040\000T\000,\000\040\000A\000\040\000>\000\040\000I\000n\000t\000e\000r\000f\000a\000c\000e\000\040\000T\000e\000m\000p\000l\000a\000t\000e\000\040\000R\000e\000f\000e\000r\000e\000n\000c\000e}{chapter.7}% 103
\BOOKMARK [2][-]{subsection.7.11.1}{\376\377\0007\000.\0001\0001\000.\0001\000\040\000D\000e\000t\000a\000i\000l\000e\000d\000\040\000D\000e\000s\000c\000r\000i\000p\000t\000i\000o\000n}{section.7.11}% 104
\BOOKMARK [2][-]{subsection.7.11.2}{\376\377\0007\000.\0001\0001\000.\0002\000\040\000P\000r\000o\000p\000e\000r\000t\000y\000\040\000D\000o\000c\000u\000m\000e\000n\000t\000a\000t\000i\000o\000n}{section.7.11}% 105
\BOOKMARK [3][-]{subsubsection.7.11.2.1}{\376\377\0007\000.\0001\0001\000.\0002\000.\0001\000\040\000V\000a\000r\000i\000a\000b\000l\000e}{subsection.7.11.2}% 106
\BOOKMARK [2][-]{subsection.7.11.3}{\376\377\0007\000.\0001\0001\000.\0003\000\040\000E\000v\000e\000n\000t\000\040\000D\000o\000c\000u\000m\000e\000n\000t\000a\000t\000i\000o\000n}{section.7.11}% 107
\BOOKMARK [3][-]{subsubsection.7.11.3.1}{\376\377\0007\000.\0001\0001\000.\0003\000.\0001\000\040\000O\000n\000C\000h\000a\000n\000g\000e}{subsection.7.11.3}% 108
\BOOKMARK [1][-]{section.7.12}{\376\377\0007\000.\0001\0002\000\040\000T\000e\000s\000t\000.\000P\000r\000o\000g\000r\000a\000m\000\040\000C\000l\000a\000s\000s\000\040\000R\000e\000f\000e\000r\000e\000n\000c\000e}{chapter.7}% 109
\BOOKMARK [2][-]{subsection.7.12.1}{\376\377\0007\000.\0001\0002\000.\0001\000\040\000D\000e\000t\000a\000i\000l\000e\000d\000\040\000D\000e\000s\000c\000r\000i\000p\000t\000i\000o\000n}{section.7.12}% 110
\BOOKMARK [1][-]{section.7.13}{\376\377\0007\000.\0001\0003\000\040\000T\000e\000s\000t\000.\000T\000e\000s\000t\000C\000l\000a\000s\000s\000<\000\040\000T\000,\000\040\000A\000\040\000>\000\040\000C\000l\000a\000s\000s\000\040\000T\000e\000m\000p\000l\000a\000t\000e\000\040\000R\000e\000f\000e\000r\000e\000n\000c\000e}{chapter.7}% 111
\BOOKMARK [2][-]{subsection.7.13.1}{\376\377\0007\000.\0001\0003\000.\0001\000\040\000D\000e\000t\000a\000i\000l\000e\000d\000\040\000D\000e\000s\000c\000r\000i\000p\000t\000i\000o\000n}{section.7.13}% 112
\BOOKMARK [2][-]{subsection.7.13.2}{\376\377\0007\000.\0001\0003\000.\0002\000\040\000C\000o\000n\000s\000t\000r\000u\000c\000t\000o\000r\000\040\000\046\000\040\000D\000e\000s\000t\000r\000u\000c\000t\000o\000r\000\040\000D\000o\000c\000u\000m\000e\000n\000t\000a\000t\000i\000o\000n}{section.7.13}% 113
\BOOKMARK [3][-]{subsubsection.7.13.2.1}{\376\377\0007\000.\0001\0003\000.\0002\000.\0001\000\040\000T\000e\000s\000t\000C\000l\000a\000s\000s\000\050\000\051\000\040\000[\0001\000/\0004\000]}{subsection.7.13.2}% 114
\BOOKMARK [3][-]{subsubsection.7.13.2.2}{\376\377\0007\000.\0001\0003\000.\0002\000.\0002\000\040\000T\000e\000s\000t\000C\000l\000a\000s\000s\000\050\000\051\000\040\000[\0002\000/\0004\000]}{subsection.7.13.2}% 115
\BOOKMARK [3][-]{subsubsection.7.13.2.3}{\376\377\0007\000.\0001\0003\000.\0002\000.\0003\000\040\000T\000e\000s\000t\000C\000l\000a\000s\000s\000\050\000\051\000\040\000[\0003\000/\0004\000]}{subsection.7.13.2}% 116
\BOOKMARK [3][-]{subsubsection.7.13.2.4}{\376\377\0007\000.\0001\0003\000.\0002\000.\0004\000\040\000T\000e\000s\000t\000C\000l\000a\000s\000s\000\050\000\051\000\040\000[\0004\000/\0004\000]}{subsection.7.13.2}% 117
\BOOKMARK [2][-]{subsection.7.13.3}{\376\377\0007\000.\0001\0003\000.\0003\000\040\000P\000r\000o\000p\000e\000r\000t\000y\000\040\000D\000o\000c\000u\000m\000e\000n\000t\000a\000t\000i\000o\000n}{section.7.13}% 118
\BOOKMARK [3][-]{subsubsection.7.13.3.1}{\376\377\0007\000.\0001\0003\000.\0003\000.\0001\000\040\000V\000a\000r\000i\000a\000b\000l\000e}{subsection.7.13.3}% 119
\BOOKMARK [2][-]{subsection.7.13.4}{\376\377\0007\000.\0001\0003\000.\0004\000\040\000E\000v\000e\000n\000t\000\040\000D\000o\000c\000u\000m\000e\000n\000t\000a\000t\000i\000o\000n}{section.7.13}% 120
\BOOKMARK [3][-]{subsubsection.7.13.4.1}{\376\377\0007\000.\0001\0003\000.\0004\000.\0001\000\040\000O\000n\000C\000h\000a\000n\000g\000e}{subsection.7.13.4}% 121
\BOOKMARK [0][-]{section*.44}{\376\377\000I\000n\000d\000e\000x}{}% 122
